<?xml version="1.0" encoding="UTF-8"?>
<testng-results ignored="0" total="1" passed="1" failed="0" skipped="0">
  <reporter-output>
  </reporter-output>
  <suite started-at="2023-10-14T14:56:17 IST" name="Default suite" finished-at="2023-10-14T14:56:17 IST" duration-ms="110">
    <groups>
    </groups>
    <test started-at="2023-10-14T14:56:17 IST" name="Default test" finished-at="2023-10-14T14:56:17 IST" duration-ms="110">
      <class name="PS1">
        <test-method is-config="true" signature="beforeRun()[pri:0, instance:PS1@1c7696c6]" started-at="2023-10-14T14:56:17 IST" name="beforeRun" finished-at="2023-10-14T14:56:17 IST" duration-ms="13" status="PASS">
          <reporter-output>
          </reporter-output>
        </test-method> <!-- beforeRun -->
        <test-method signature="testRun()[pri:0, instance:PS1@1c7696c6]" started-at="2023-10-14T14:56:17 IST" name="testRun" finished-at="2023-10-14T14:56:17 IST" duration-ms="9" status="PASS">
          <reporter-output>
          </reporter-output>
        </test-method> <!-- testRun -->
        <test-method is-config="true" signature="afterRun()[pri:0, instance:PS1@1c7696c6]" started-at="2023-10-14T14:56:17 IST" name="afterRun" finished-at="2023-10-14T14:56:17 IST" duration-ms="1" status="PASS">
          <reporter-output>
          </reporter-output>
        </test-method> <!-- afterRun -->
      </class> <!-- PS1 -->
    </test> <!-- Default test -->
  </suite> <!-- Default suite -->
</testng-results>
