<?xml version="1.0" encoding="UTF-8"?>
<!-- Generated by org.testng.reporters.JUnitXMLReporter -->
<testsuite ignored="0" hostname="DESKTOP-BUNMG7T" failures="0" tests="7" name="Car loan" time="0.461" errors="0" timestamp="2023-10-13T22:47:58 IST">
  <testcase classname="test.Demo3" name="APIcarloan" time="0.021"/>
  <testcase classname="test.Demo3" name="Mobilelogincarloan" time="0.009"/>
  <testcase classname="test.Demo3" name="Mobilesignincarloan" time="0.004"/>
  <testcase classname="test.Demo3" name="Mobilesignoutcarloan" time="0.01"/>
  <testcase classname="test.Demo3" name="Mobilesignoutcarloan" time="0.068"/>
  <testcase classname="test.Demo3" name="Mobilesignoutcarloan" time="0.005"/>
  <testcase classname="test.Demo3" name="Weblogincarloan" time="0.007"/>
</testsuite> <!-- Car loan -->
