<?xml version="1.0" encoding="UTF-8"?>
<!-- Generated by org.testng.reporters.JUnitXMLReporter -->
<testsuite ignored="6" hostname="DESKTOP-BUNMG7T" failures="0" tests="3" name="Regression" time="0.142" errors="0" timestamp="2023-10-10T17:43:59 IST">
  <testcase classname="test.Demo" name="Demo1" time="0.019"/>
  <testcase classname="test.Demo2" name="Ploan" time="0.003"/>
  <testcase classname="test.Demo3" name="Mobilesignincarloan" time="0.002"/>
  <testcase classname="test.Demo" name="SecondTest" time="0.0">
    <ignored/>
  </testcase> <!-- SecondTest -->
  <testcase classname="test.Demo3" name="Weblogincarloan" time="0.0">
    <ignored/>
  </testcase> <!-- Weblogincarloan -->
  <testcase classname="test.Demo" name="ThirdTest" time="0.0">
    <ignored/>
  </testcase> <!-- ThirdTest -->
  <testcase classname="test.Demo3" name="APIcarloan" time="0.0">
    <ignored/>
  </testcase> <!-- APIcarloan -->
  <testcase classname="test.Demo3" name="Mobilelogincarloan" time="0.0">
    <ignored/>
  </testcase> <!-- Mobilelogincarloan -->
  <testcase classname="test.Demo3" name="Mobilesignoutcarloan" time="0.0">
    <ignored/>
  </testcase> <!-- Mobilesignoutcarloan -->
</testsuite> <!-- Regression -->
