<?xml version="1.0" encoding="UTF-8"?>
<testng-results ignored="0" total="2" passed="2" failed="0" skipped="0">
  <reporter-output>
  </reporter-output>
  <suite started-at="2024-02-03T16:59:18 IST" name="Suite" finished-at="2024-02-03T16:59:54 IST" duration-ms="36229">
    <groups>
    </groups>
    <test started-at="2024-02-03T16:59:18 IST" name="Test" finished-at="2024-02-03T16:59:54 IST" duration-ms="36229">
      <class name="googleTest">
        <test-method signature="HomePageCheck()[pri:0, instance:googleTest@428640fa]" started-at="2024-02-03T16:59:18 IST" name="HomePageCheck" finished-at="2024-02-03T16:59:51 IST" duration-ms="32492" status="PASS">
          <reporter-output>
          </reporter-output>
        </test-method> <!-- HomePageCheck -->
      </class> <!-- googleTest -->
      <class name="RSATest">
        <test-method signature="HomePageCheck()[pri:0, instance:RSATest@67f639d3]" started-at="2024-02-03T16:59:18 IST" name="HomePageCheck" finished-at="2024-02-03T16:59:54 IST" duration-ms="36139" status="PASS">
          <reporter-output>
          </reporter-output>
        </test-method> <!-- HomePageCheck -->
      </class> <!-- RSATest -->
    </test> <!-- Test -->
  </suite> <!-- Suite -->
</testng-results>
